<?xml version="1.0" encoding="UTF-8"?>
<!-- Generated by org.testng.reporters.JUnitReportReporter -->
<testsuite hostname="MT-5CD12777KZ" failures="1" tests="10" name="com.mindtree.runner.TestRunner" time="253.852" errors="2" timestamp="2021-11-22T15:28:26 IST" skipped="0">
  <testcase classname="com.mindtree.runner.TestRunner" name="runScenario" time="30.485">
    <error message="Cannot invoke &quot;org.openqa.selenium.WebElement.isDisplayed()&quot; because the return value of &quot;com.mindtree.pageobjects.ContactUsLC.getThanksMessage()&quot; is null" type="java.lang.NullPointerException">
      <![CDATA[java.lang.NullPointerException: Cannot invoke "org.openqa.selenium.WebElement.isDisplayed()" because the return value of "com.mindtree.pageobjects.ContactUsLC.getThanksMessage()" is null
at com.mindtree.stepDefinitions.ContactstepDefinition.a_thankyou_message_should_be_displayed(ContactstepDefinition.java:66)
at ✽.A Thankyou Message should be displayed(file:///C:/Users/M1073161/eclipse-workspace/BDDframeWork/./features/Contact.feature:10)
]]>
    </error>
  </testcase> <!-- runScenario -->
  <system-out/>
  <testcase classname="com.mindtree.runner.TestRunner" name="runScenario" time="12.967"/>
  <system-out/>
  <testcase classname="com.mindtree.runner.TestRunner" name="runScenario" time="40.526"/>
  <system-out/>
  <testcase classname="com.mindtree.runner.TestRunner" name="runScenario" time="28.171"/>
  <system-out/>
  <testcase classname="com.mindtree.runner.TestRunner" name="runScenario" time="32.220"/>
  <system-out/>
  <testcase classname="com.mindtree.runner.TestRunner" name="runScenario" time="33.113">
    <error message="no such element: Unable to locate element: {&quot;method&quot;:&quot;xpath&quot;,&quot;selector&quot;:&quot;//div[@class=&#039;grid&#039;]//h3&quot;}
  (Session info: chrome=96.0.4664.45)
For documentation on this error, please visit: https://www.seleniumhq.org/exceptions/no_such_element.html
Build info: version: &#039;3.141.59&#039;, revision: &#039;e82be7d358&#039;, time: &#039;2018-11-14T08:17:03&#039;
System info: host: &#039;MT-5CD12777KZ&#039;, ip: &#039;192.168.42.66&#039;, os.name: &#039;Windows 10&#039;, os.arch: &#039;amd64&#039;, os.version: &#039;10.0&#039;, java.version: &#039;16.0.2&#039;
Driver info: org.openqa.selenium.chrome.ChromeDriver
Capabilities {acceptInsecureCerts: false, browserName: chrome, browserVersion: 96.0.4664.45, chrome: {chromedriverVersion: 96.0.4664.45 (76e4c1bb2ab46..., userDataDir: C:\Users\M1073161\AppData\L...}, goog:chromeOptions: {debuggerAddress: localhost:65379}, javascriptEnabled: true, networkConnectionEnabled: false, pageLoadStrategy: normal, platform: WINDOWS, platformName: WINDOWS, proxy: Proxy(), setWindowRect: true, strictFileInteractability: false, timeouts: {implicit: 0, pageLoad: 300000, script: 30000}, unhandledPromptBehavior: dismiss and notify, webauthn:extension:credBlob: true, webauthn:extension:largeBlob: true, webauthn:virtualAuthenticators: true}
Session ID: 794d23a1a37428ab6ce0f0f05da4925c
*** Element info: {Using=xpath, value=//div[@class=&#039;grid&#039;]//h3}" type="org.openqa.selenium.NoSuchElementException">
      <![CDATA[org.openqa.selenium.NoSuchElementException: no such element: Unable to locate element: {"method":"xpath","selector":"//div[@class='grid']//h3"}
  (Session info: chrome=96.0.4664.45)
For documentation on this error, please visit: https://www.seleniumhq.org/exceptions/no_such_element.html
Build info: version: '3.141.59', revision: 'e82be7d358', time: '2018-11-14T08:17:03'
System info: host: 'MT-5CD12777KZ', ip: '192.168.42.66', os.name: 'Windows 10', os.arch: 'amd64', os.version: '10.0', java.version: '16.0.2'
Driver info: org.openqa.selenium.chrome.ChromeDriver
Capabilities {acceptInsecureCerts: false, browserName: chrome, browserVersion: 96.0.4664.45, chrome: {chromedriverVersion: 96.0.4664.45 (76e4c1bb2ab46..., userDataDir: C:\Users\M1073161\AppData\L...}, goog:chromeOptions: {debuggerAddress: localhost:65379}, javascriptEnabled: true, networkConnectionEnabled: false, pageLoadStrategy: normal, platform: WINDOWS, platformName: WINDOWS, proxy: Proxy(), setWindowRect: true, strictFileInteractability: false, timeouts: {implicit: 0, pageLoad: 300000, script: 30000}, unhandledPromptBehavior: dismiss and notify, webauthn:extension:credBlob: true, webauthn:extension:largeBlob: true, webauthn:virtualAuthenticators: true}
Session ID: 794d23a1a37428ab6ce0f0f05da4925c
*** Element info: {Using=xpath, value=//div[@class='grid']//h3}
at java.base/jdk.internal.reflect.NativeConstructorAccessorImpl.newInstance0(Native Method)
at java.base/jdk.internal.reflect.NativeConstructorAccessorImpl.newInstance(NativeConstructorAccessorImpl.java:78)
at java.base/jdk.internal.reflect.DelegatingConstructorAccessorImpl.newInstance(DelegatingConstructorAccessorImpl.java:45)
at java.base/java.lang.reflect.Constructor.newInstanceWithCaller(Constructor.java:499)
at java.base/java.lang.reflect.Constructor.newInstance(Constructor.java:480)
at org.openqa.selenium.remote.http.W3CHttpResponseCodec.createException(W3CHttpResponseCodec.java:187)
at org.openqa.selenium.remote.http.W3CHttpResponseCodec.decode(W3CHttpResponseCodec.java:122)
at org.openqa.selenium.remote.http.W3CHttpResponseCodec.decode(W3CHttpResponseCodec.java:49)
at org.openqa.selenium.remote.HttpCommandExecutor.execute(HttpCommandExecutor.java:158)
at org.openqa.selenium.remote.service.DriverCommandExecutor.execute(DriverCommandExecutor.java:83)
at org.openqa.selenium.remote.RemoteWebDriver.execute(RemoteWebDriver.java:552)
at org.openqa.selenium.remote.RemoteWebDriver.findElement(RemoteWebDriver.java:323)
at org.openqa.selenium.remote.RemoteWebDriver.findElementByXPath(RemoteWebDriver.java:428)
at org.openqa.selenium.By$ByXPath.findElement(By.java:353)
at org.openqa.selenium.remote.RemoteWebDriver.findElement(RemoteWebDriver.java:315)
at com.mindtree.pageobjects.LoginPageLC.getAccountDetail(LoginPageLC.java:22)
at com.mindtree.stepDefinitions.LoginTeststepDefinition.click_on_submit(LoginTeststepDefinition.java:51)
at ✽.Click on submit(file:///C:/Users/M1073161/eclipse-workspace/BDDframeWork/./features/LoginTest.feature:8)
]]>
    </error>
  </testcase> <!-- runScenario -->
  <system-out/>
  <testcase classname="com.mindtree.runner.TestRunner" name="runScenario" time="27.220">
    <failure message="expected [Rs. 1,399] but found [From]" type="java.lang.AssertionError">
      <![CDATA[java.lang.AssertionError: expected [Rs. 1,399] but found [From]
at org.testng.Assert.fail(Assert.java:99)
at org.testng.Assert.failNotEquals(Assert.java:1037)
at org.testng.Assert.assertEqualsImpl(Assert.java:140)
at org.testng.Assert.assertEquals(Assert.java:122)
at org.testng.Assert.assertEquals(Assert.java:629)
at org.testng.Assert.assertEquals(Assert.java:639)
at com.mindtree.stepDefinitions.productPriceStepDefinition.getting_product_price_from_product_page_and_matching_to_search_list_price(productPriceStepDefinition.java:51)
at ✽.getting Product Price from Product Page and matching to SearchList Price(file:///C:/Users/M1073161/eclipse-workspace/BDDframeWork/./features/PriceComparsion.feature:9)
]]>
    </failure>
  </testcase> <!-- runScenario -->
  <system-out/>
  <testcase classname="com.mindtree.runner.TestRunner" name="runScenario" time="9.014"/>
  <system-out/>
  <testcase classname="com.mindtree.runner.TestRunner" name="runScenario" time="13.980"/>
  <system-out/>
  <testcase classname="com.mindtree.runner.TestRunner" name="runScenario" time="26.156"/>
  <system-out/>
</testsuite> <!-- com.mindtree.runner.TestRunner -->
